# JRE version: Java(TM) SE Runtime Environment (17.0.12+8) (build 17.0.12+8-LTS-286)
# Java VM: Java HotSpot(TM) 64-Bit Server VM (17.0.12+8-LTS-286, mixed mode, sharing, tiered, compressed oops, compressed class ptrs, g1 gc, windows-amd64)
GC Precious Log:
 CPUs: 8 total, 8 available
 Memory: 24278M
 Large Page Support: Disabled
 NUMA Support: Disabled
 Compressed Oops: Enabled (Zero based)
 Heap Region Size: 2M
 Heap Min Capacity: 8M
 Heap Initial Capacity: 380M
 Heap Max Capacity: 4G
 Pre-touch: Disabled
 Parallel Workers: 8
 Concurrent Workers: 2
 Concurrent Refinement Workers: 8
 Periodic GC: Disabled
Heap:
 garbage-first heap   total 450560K, used 265536K [0x0000000700000000, 0x0000000800000000)
  region size 2048K, 19 young (38912K), 9 survivors (18432K)
 Metaspace       used 161115K, committed 162304K, reserved 1245184K
  class space    used 21161K, committed 21760K, reserved 1048576K
GC Heap History (20 events):
Event: 47.090 GC heap before
{Heap before GC invocations=54 (full 0):
 garbage-first heap   total 225280K, used 183233K [0x0000000700000000, 0x0000000800000000)
  region size 2048K, 22 young (45056K), 1 survivors (2048K)
 Metaspace       used 96454K, committed 97472K, reserved 1179648K
  class space    used 13541K, committed 14016K, reserved 1048576K
}
Event: 47.100 GC heap after
{Heap after GC invocations=55 (full 0):
 garbage-first heap   total 225280K, used 152561K [0x0000000700000000, 0x0000000800000000)
  region size 2048K, 3 young (6144K), 3 survivors (6144K)
 Metaspace       used 96454K, committed 97472K, reserved 1179648K
  class space    used 13541K, committed 14016K, reserved 1048576K
}
Event: 47.647 GC heap before
{Heap before GC invocations=55 (full 0):
 garbage-first heap   total 225280K, used 183281K [0x0000000700000000, 0x0000000800000000)
  region size 2048K, 18 young (36864K), 3 survivors (6144K)
 Metaspace       used 99195K, committed 100160K, reserved 1179648K
  class space    used 13872K, committed 14336K, reserved 1048576K
}
Event: 47.662 GC heap after
{Heap after GC invocations=56 (full 0):
 garbage-first heap   total 450560K, used 156411K [0x0000000700000000, 0x0000000800000000)
  region size 2048K, 2 young (4096K), 2 survivors (4096K)
 Metaspace       used 99195K, committed 100160K, reserved 1179648K
  class space    used 13872K, committed 14336K, reserved 1048576K
}
Event: 51.264 GC heap before
{Heap before GC invocations=56 (full 0):
 garbage-first heap   total 450560K, used 322299K [0x0000000700000000, 0x0000000800000000)
  region size 2048K, 80 young (163840K), 2 survivors (4096K)
 Metaspace       used 114465K, committed 115392K, reserved 1179648K
  class space    used 15552K, committed 16000K, reserved 1048576K
}
Event: 51.281 GC heap after
{Heap after GC invocations=57 (full 0):
 garbage-first heap   total 450560K, used 173458K [0x0000000700000000, 0x0000000800000000)
  region size 2048K, 7 young (14336K), 7 survivors (14336K)
 Metaspace       used 114465K, committed 115392K, reserved 1179648K
  class space    used 15552K, committed 16000K, reserved 1048576K
}
Event: 56.443 GC heap before
{Heap before GC invocations=57 (full 0):
 garbage-first heap   total 450560K, used 337298K [0x0000000700000000, 0x0000000800000000)
  region size 2048K, 87 young (178176K), 7 survivors (14336K)
 Metaspace       used 123218K, committed 124160K, reserved 1179648K
  class space    used 16402K, committed 16832K, reserved 1048576K
}
Event: 56.473 GC heap after
{Heap after GC invocations=58 (full 0):
 garbage-first heap   total 450560K, used 187315K [0x0000000700000000, 0x0000000800000000)
  region size 2048K, 11 young (22528K), 11 survivors (22528K)
 Metaspace       used 123218K, committed 124160K, reserved 1179648K
  class space    used 16402K, committed 16832K, reserved 1048576K
}
Event: 61.451 GC heap before
{Heap before GC invocations=58 (full 0):
 garbage-first heap   total 450560K, used 342963K [0x0000000700000000, 0x0000000800000000)
  region size 2048K, 87 young (178176K), 11 survivors (22528K)
 Metaspace       used 143020K, committed 144064K, reserved 1179648K
  class space    used 18399K, committed 18880K, reserved 1048576K
}
Event: 61.480 GC heap after
{Heap after GC invocations=59 (full 0):
 garbage-first heap   total 450560K, used 195166K [0x0000000700000000, 0x0000000800000000)
  region size 2048K, 4 young (8192K), 4 survivors (8192K)
 Metaspace       used 143020K, committed 144064K, reserved 1179648K
  class space    used 18399K, committed 18880K, reserved 1048576K
}
Event: 65.555 GC heap before
{Heap before GC invocations=59 (full 0):
 garbage-first heap   total 450560K, used 354910K [0x0000000700000000, 0x0000000800000000)
  region size 2048K, 82 young (167936K), 4 survivors (8192K)
 Metaspace       used 153498K, committed 154624K, reserved 1245184K
  class space    used 20025K, committed 20544K, reserved 1048576K
}
Event: 65.574 GC heap after
{Heap after GC invocations=60 (full 0):
 garbage-first heap   total 450560K, used 199392K [0x0000000700000000, 0x0000000800000000)
  region size 2048K, 6 young (12288K), 6 survivors (12288K)
 Metaspace       used 153498K, committed 154624K, reserved 1245184K
  class space    used 20025K, committed 20544K, reserved 1048576K
}
Event: 67.074 GC heap before
{Heap before GC invocations=60 (full 0):
 garbage-first heap   total 450560K, used 254688K [0x0000000700000000, 0x0000000800000000)
  region size 2048K, 34 young (69632K), 6 survivors (12288K)
 Metaspace       used 156888K, committed 158016K, reserved 1245184K
  class space    used 20467K, committed 20992K, reserved 1048576K
}
Event: 67.090 GC heap after
{Heap after GC invocations=61 (full 0):
 garbage-first heap   total 450560K, used 202373K [0x0000000700000000, 0x0000000800000000)
  region size 2048K, 5 young (10240K), 5 survivors (10240K)
 Metaspace       used 156888K, committed 158016K, reserved 1245184K
  class space    used 20467K, committed 20992K, reserved 1048576K
}
Event: 70.310 GC heap before
{Heap before GC invocations=62 (full 0):
 garbage-first heap   total 450560K, used 362117K [0x0000000700000000, 0x0000000800000000)
  region size 2048K, 82 young (167936K), 5 survivors (10240K)
 Metaspace       used 160894K, committed 162048K, reserved 1245184K
  class space    used 21143K, committed 21696K, reserved 1048576K
}
Event: 70.350 GC heap after
{Heap after GC invocations=63 (full 0):
 garbage-first heap   total 450560K, used 225135K [0x0000000700000000, 0x0000000800000000)
  region size 2048K, 11 young (22528K), 11 survivors (22528K)
 Metaspace       used 160894K, committed 162048K, reserved 1245184K
  class space    used 21143K, committed 21696K, reserved 1048576K
}
Event: 70.570 GC heap before
{Heap before GC invocations=63 (full 0):
 garbage-first heap   total 450560K, used 227183K [0x0000000700000000, 0x0000000800000000)
  region size 2048K, 12 young (24576K), 11 survivors (22528K)
 Metaspace       used 160894K, committed 162048K, reserved 1245184K
  class space    used 21143K, committed 21696K, reserved 1048576K
}
Event: 70.599 GC heap after
{Heap after GC invocations=64 (full 0):
 garbage-first heap   total 450560K, used 228527K [0x0000000700000000, 0x0000000800000000)
  region size 2048K, 2 young (4096K), 2 survivors (4096K)
 Metaspace       used 160894K, committed 162048K, reserved 1245184K
  class space    used 21143K, committed 21696K, reserved 1048576K
}
Event: 86.181 GC heap before
{Heap before GC invocations=64 (full 0):
 garbage-first heap   total 450560K, used 357551K [0x0000000700000000, 0x0000000800000000)
  region size 2048K, 65 young (133120K), 2 survivors (4096K)
 Metaspace       used 161115K, committed 162304K, reserved 1245184K
  class space    used 21161K, committed 21760K, reserved 1048576K
}
Event: 86.213 GC heap after
{Heap after GC invocations=65 (full 0):
 garbage-first heap   total 450560K, used 247104K [0x0000000700000000, 0x0000000800000000)
  region size 2048K, 9 young (18432K), 9 survivors (18432K)
 Metaspace       used 161115K, committed 162304K, reserved 1245184K
  class space    used 21161K, committed 21760K, reserved 1048576K
}

