# JRE version: Java(TM) SE Runtime Environment (17.0.12+8) (build 17.0.12+8-LTS-286)
# Java VM: Java HotSpot(TM) 64-Bit Server VM (17.0.12+8-LTS-286, mixed mode, emulated-client, sharing, tiered, compressed oops, compressed class ptrs, g1 gc, windows-amd64)
GC Precious Log:
 CPUs: 8 total, 8 available
 Memory: 24278M
 Large Page Support: Disabled
 NUMA Support: Disabled
 Compressed Oops: Enabled (Zero based)
 Heap Region Size: 2M
 Heap Min Capacity: 8M
 Heap Initial Capacity: 380M
 Heap Max Capacity: 4G
 Pre-touch: Disabled
 Parallel Workers: 8
 Concurrent Workers: 2
 Concurrent Refinement Workers: 8
 Periodic GC: Disabled
Heap:
 garbage-first heap   total 860160K, used 615370K [0x0000000700000000, 0x0000000800000000)
  region size 2048K, 154 young (315392K), 17 survivors (34816K)
 Metaspace       used 10502K, committed 10624K, reserved 1114112K
  class space    used 1173K, committed 1216K, reserved 1048576K
GC Heap History (20 events):
Event: 11.194 GC heap before
{Heap before GC invocations=27 (full 0):
 garbage-first heap   total 860160K, used 662560K [0x0000000700000000, 0x0000000800000000)
  region size 2048K, 252 young (516096K), 7 survivors (14336K)
 Metaspace       used 8534K, committed 8704K, reserved 1114112K
  class space    used 964K, committed 1024K, reserved 1048576K
}
Event: 11.214 GC heap after
{Heap after GC invocations=28 (full 0):
 garbage-first heap   total 860160K, used 214761K [0x0000000700000000, 0x0000000800000000)
  region size 2048K, 32 young (65536K), 32 survivors (65536K)
 Metaspace       used 8534K, committed 8704K, reserved 1114112K
  class space    used 964K, committed 1024K, reserved 1048576K
}
Event: 12.178 GC heap before
{Heap before GC invocations=28 (full 0):
 garbage-first heap   total 860160K, used 665321K [0x0000000700000000, 0x0000000800000000)
  region size 2048K, 252 young (516096K), 32 survivors (65536K)
 Metaspace       used 9236K, committed 9408K, reserved 1114112K
  class space    used 1060K, committed 1152K, reserved 1048576K
}
Event: 12.214 GC heap after
{Heap after GC invocations=29 (full 0):
 garbage-first heap   total 860160K, used 279151K [0x0000000700000000, 0x0000000800000000)
  region size 2048K, 32 young (65536K), 32 survivors (65536K)
 Metaspace       used 9236K, committed 9408K, reserved 1114112K
  class space    used 1060K, committed 1152K, reserved 1048576K
}
Event: 12.922 GC heap before
{Heap before GC invocations=29 (full 0):
 garbage-first heap   total 860160K, used 664175K [0x0000000700000000, 0x0000000800000000)
  region size 2048K, 220 young (450560K), 32 survivors (65536K)
 Metaspace       used 9237K, committed 9408K, reserved 1114112K
  class space    used 1060K, committed 1152K, reserved 1048576K
}
Event: 12.944 GC heap after
{Heap after GC invocations=30 (full 0):
 garbage-first heap   total 860160K, used 291840K [0x0000000700000000, 0x0000000800000000)
  region size 2048K, 7 young (14336K), 7 survivors (14336K)
 Metaspace       used 9237K, committed 9408K, reserved 1114112K
  class space    used 1060K, committed 1152K, reserved 1048576K
}
Event: 13.770 GC heap before
{Heap before GC invocations=30 (full 0):
 garbage-first heap   total 860160K, used 683008K [0x0000000700000000, 0x0000000800000000)
  region size 2048K, 198 young (405504K), 7 survivors (14336K)
 Metaspace       used 9237K, committed 9408K, reserved 1114112K
  class space    used 1060K, committed 1152K, reserved 1048576K
}
Event: 13.782 GC heap after
{Heap after GC invocations=31 (full 0):
 garbage-first heap   total 860160K, used 296960K [0x0000000700000000, 0x0000000800000000)
  region size 2048K, 9 young (18432K), 9 survivors (18432K)
 Metaspace       used 9237K, committed 9408K, reserved 1114112K
  class space    used 1060K, committed 1152K, reserved 1048576K
}
Event: 14.498 GC heap before
{Heap before GC invocations=31 (full 0):
 garbage-first heap   total 860160K, used 698368K [0x0000000700000000, 0x0000000800000000)
  region size 2048K, 205 young (419840K), 9 survivors (18432K)
 Metaspace       used 9237K, committed 9408K, reserved 1114112K
  class space    used 1060K, committed 1152K, reserved 1048576K
}
Event: 14.513 GC heap after
{Heap after GC invocations=32 (full 0):
 garbage-first heap   total 860160K, used 305593K [0x0000000700000000, 0x0000000800000000)
  region size 2048K, 14 young (28672K), 14 survivors (28672K)
 Metaspace       used 9237K, committed 9408K, reserved 1114112K
  class space    used 1060K, committed 1152K, reserved 1048576K
}
Event: 16.076 GC heap before
{Heap before GC invocations=32 (full 0):
 garbage-first heap   total 860160K, used 707001K [0x0000000700000000, 0x0000000800000000)
  region size 2048K, 210 young (430080K), 14 survivors (28672K)
 Metaspace       used 10500K, committed 10624K, reserved 1114112K
  class space    used 1172K, committed 1216K, reserved 1048576K
}
Event: 16.099 GC heap after
{Heap after GC invocations=33 (full 0):
 garbage-first heap   total 860160K, used 313937K [0x0000000700000000, 0x0000000800000000)
  region size 2048K, 18 young (36864K), 18 survivors (36864K)
 Metaspace       used 10500K, committed 10624K, reserved 1114112K
  class space    used 1172K, committed 1216K, reserved 1048576K
}
Event: 18.180 GC heap before
{Heap before GC invocations=33 (full 0):
 garbage-first heap   total 860160K, used 715345K [0x0000000700000000, 0x0000000800000000)
  region size 2048K, 214 young (438272K), 18 survivors (36864K)
 Metaspace       used 10501K, committed 10624K, reserved 1114112K
  class space    used 1173K, committed 1216K, reserved 1048576K
}
Event: 18.199 GC heap after
{Heap after GC invocations=34 (full 0):
 garbage-first heap   total 860160K, used 319731K [0x0000000700000000, 0x0000000800000000)
  region size 2048K, 16 young (32768K), 16 survivors (32768K)
 Metaspace       used 10501K, committed 10624K, reserved 1114112K
  class space    used 1173K, committed 1216K, reserved 1048576K
}
Event: 20.213 GC heap before
{Heap before GC invocations=34 (full 0):
 garbage-first heap   total 860160K, used 723187K [0x0000000700000000, 0x0000000800000000)
  region size 2048K, 212 young (434176K), 16 survivors (32768K)
 Metaspace       used 10502K, committed 10624K, reserved 1114112K
  class space    used 1173K, committed 1216K, reserved 1048576K
}
Event: 20.229 GC heap after
{Heap after GC invocations=35 (full 0):
 garbage-first heap   total 860160K, used 318020K [0x0000000700000000, 0x0000000800000000)
  region size 2048K, 10 young (20480K), 10 survivors (20480K)
 Metaspace       used 10502K, committed 10624K, reserved 1114112K
  class space    used 1173K, committed 1216K, reserved 1048576K
}
Event: 21.304 GC heap before
{Heap before GC invocations=35 (full 0):
 garbage-first heap   total 860160K, used 729668K [0x0000000700000000, 0x0000000800000000)
  region size 2048K, 211 young (432128K), 10 survivors (20480K)
 Metaspace       used 10502K, committed 10624K, reserved 1114112K
  class space    used 1173K, committed 1216K, reserved 1048576K
}
Event: 21.318 GC heap after
{Heap after GC invocations=36 (full 0):
 garbage-first heap   total 860160K, used 318506K [0x0000000700000000, 0x0000000800000000)
  region size 2048K, 10 young (20480K), 10 survivors (20480K)
 Metaspace       used 10502K, committed 10624K, reserved 1114112K
  class space    used 1173K, committed 1216K, reserved 1048576K
}
Event: 23.385 GC heap before
{Heap before GC invocations=36 (full 0):
 garbage-first heap   total 860160K, used 736298K [0x0000000700000000, 0x0000000800000000)
  region size 2048K, 214 young (438272K), 10 survivors (20480K)
 Metaspace       used 10502K, committed 10624K, reserved 1114112K
  class space    used 1173K, committed 1216K, reserved 1048576K
}
Event: 23.404 GC heap after
{Heap after GC invocations=37 (full 0):
 garbage-first heap   total 860160K, used 332746K [0x0000000700000000, 0x0000000800000000)
  region size 2048K, 17 young (34816K), 17 survivors (34816K)
 Metaspace       used 10502K, committed 10624K, reserved 1114112K
  class space    used 1173K, committed 1216K, reserved 1048576K
}

