# JRE version: Java(TM) SE Runtime Environment (17.0.12+8) (build 17.0.12+8-LTS-286)
# Java VM: Java HotSpot(TM) 64-Bit Server VM (17.0.12+8-LTS-286, mixed mode, sharing, tiered, compressed oops, compressed class ptrs, g1 gc, windows-amd64)
GC Precious Log:
 CPUs: 8 total, 8 available
 Memory: 24278M
 Large Page Support: Disabled
 NUMA Support: Disabled
 Compressed Oops: Enabled (Zero based)
 Heap Region Size: 2M
 Heap Min Capacity: 8M
 Heap Initial Capacity: 380M
 Heap Max Capacity: 4G
 Pre-touch: Disabled
 Parallel Workers: 8
 Concurrent Workers: 2
 Concurrent Refinement Workers: 8
 Periodic GC: Disabled
Heap:
 garbage-first heap   total 839680K, used 491481K [0x0000000700000000, 0x0000000800000000)
  region size 2048K, 52 young (106496K), 9 survivors (18432K)
 Metaspace       used 289355K, committed 291776K, reserved 1310720K
  class space    used 36067K, committed 37312K, reserved 1048576K
GC Heap History (20 events):
Event: 4776.892 GC heap before
{Heap before GC invocations=201 (full 1):
 garbage-first heap   total 997376K, used 800522K [0x0000000700000000, 0x0000000800000000)
  region size 2048K, 249 young (509952K), 20 survivors (40960K)
 Metaspace       used 280492K, committed 282944K, reserved 1310720K
  class space    used 35160K, committed 36352K, reserved 1048576K
}
Event: 4776.914 GC heap after
{Heap after GC invocations=202 (full 1):
 garbage-first heap   total 997376K, used 344545K [0x0000000700000000, 0x0000000800000000)
  region size 2048K, 10 young (20480K), 10 survivors (20480K)
 Metaspace       used 280492K, committed 282944K, reserved 1310720K
  class space    used 35160K, committed 36352K, reserved 1048576K
}
Event: 9898.072 GC heap before
{Heap before GC invocations=202 (full 1):
 garbage-first heap   total 997376K, used 823777K [0x0000000700000000, 0x0000000800000000)
  region size 2048K, 235 young (481280K), 10 survivors (20480K)
 Metaspace       used 281249K, committed 283776K, reserved 1310720K
  class space    used 35281K, committed 36544K, reserved 1048576K
}
Event: 9898.110 GC heap after
{Heap after GC invocations=203 (full 1):
 garbage-first heap   total 997376K, used 342266K [0x0000000700000000, 0x0000000800000000)
  region size 2048K, 9 young (18432K), 9 survivors (18432K)
 Metaspace       used 281249K, committed 283776K, reserved 1310720K
  class space    used 35281K, committed 36544K, reserved 1048576K
}
Event: 10176.856 GC heap before
{Heap before GC invocations=203 (full 1):
 garbage-first heap   total 997376K, used 379130K [0x0000000700000000, 0x0000000800000000)
  region size 2048K, 28 young (57344K), 9 survivors (18432K)
 Metaspace       used 281249K, committed 283776K, reserved 1310720K
  class space    used 35281K, committed 36544K, reserved 1048576K
}
Event: 10177.217 GC heap after
{Heap after GC invocations=204 (full 2):
 garbage-first heap   total 839680K, used 240104K [0x0000000700000000, 0x0000000800000000)
  region size 2048K, 0 young (0K), 0 survivors (0K)
 Metaspace       used 270854K, committed 278208K, reserved 1310720K
  class space    used 33969K, committed 36160K, reserved 1048576K
}
Event: 10487.902 GC heap before
{Heap before GC invocations=204 (full 2):
 garbage-first heap   total 839680K, used 680424K [0x0000000700000000, 0x0000000800000000)
  region size 2048K, 216 young (442368K), 0 survivors (0K)
 Metaspace       used 273480K, committed 278336K, reserved 1310720K
  class space    used 34323K, committed 36160K, reserved 1048576K
}
Event: 10487.911 GC heap after
{Heap after GC invocations=205 (full 2):
 garbage-first heap   total 839680K, used 251968K [0x0000000700000000, 0x0000000800000000)
  region size 2048K, 6 young (12288K), 6 survivors (12288K)
 Metaspace       used 273480K, committed 278336K, reserved 1310720K
  class space    used 34323K, committed 36160K, reserved 1048576K
}
Event: 10663.863 GC heap before
{Heap before GC invocations=205 (full 2):
 garbage-first heap   total 839680K, used 698432K [0x0000000700000000, 0x0000000800000000)
  region size 2048K, 219 young (448512K), 6 survivors (12288K)
 Metaspace       used 274086K, committed 278336K, reserved 1310720K
  class space    used 34410K, committed 36160K, reserved 1048576K
}
Event: 10663.895 GC heap after
{Heap after GC invocations=206 (full 2):
 garbage-first heap   total 839680K, used 293957K [0x0000000700000000, 0x0000000800000000)
  region size 2048K, 24 young (49152K), 24 survivors (49152K)
 Metaspace       used 274086K, committed 278336K, reserved 1310720K
  class space    used 34410K, committed 36160K, reserved 1048576K
}
Event: 10672.911 GC heap before
{Heap before GC invocations=206 (full 2):
 garbage-first heap   total 839680K, used 668741K [0x0000000700000000, 0x0000000800000000)
  region size 2048K, 208 young (425984K), 24 survivors (49152K)
 Metaspace       used 275720K, committed 278336K, reserved 1310720K
  class space    used 34479K, committed 36160K, reserved 1048576K
}
Event: 10672.940 GC heap after
{Heap after GC invocations=207 (full 2):
 garbage-first heap   total 839680K, used 298516K [0x0000000700000000, 0x0000000800000000)
  region size 2048K, 9 young (18432K), 9 survivors (18432K)
 Metaspace       used 275720K, committed 278336K, reserved 1310720K
  class space    used 34479K, committed 36160K, reserved 1048576K
}
Event: 10677.431 GC heap before
{Heap before GC invocations=207 (full 2):
 garbage-first heap   total 839680K, used 687636K [0x0000000700000000, 0x0000000800000000)
  region size 2048K, 193 young (395264K), 9 survivors (18432K)
 Metaspace       used 275871K, committed 278464K, reserved 1310720K
  class space    used 34488K, committed 36160K, reserved 1048576K
}
Event: 10677.457 GC heap after
{Heap after GC invocations=208 (full 2):
 garbage-first heap   total 839680K, used 347330K [0x0000000700000000, 0x0000000800000000)
  region size 2048K, 25 young (51200K), 25 survivors (51200K)
 Metaspace       used 275871K, committed 278464K, reserved 1310720K
  class space    used 34488K, committed 36160K, reserved 1048576K
}
Event: 10684.855 GC heap before
{Heap before GC invocations=208 (full 2):
 garbage-first heap   total 839680K, used 652482K [0x0000000700000000, 0x0000000800000000)
  region size 2048K, 175 young (358400K), 25 survivors (51200K)
 Metaspace       used 277488K, committed 280000K, reserved 1310720K
  class space    used 34691K, committed 36160K, reserved 1048576K
}
Event: 10684.878 GC heap after
{Heap after GC invocations=209 (full 2):
 garbage-first heap   total 839680K, used 358888K [0x0000000700000000, 0x0000000800000000)
  region size 2048K, 9 young (18432K), 9 survivors (18432K)
 Metaspace       used 277488K, committed 280000K, reserved 1310720K
  class space    used 34691K, committed 36160K, reserved 1048576K
}
Event: 10696.429 GC heap before
{Heap before GC invocations=209 (full 2):
 garbage-first heap   total 839680K, used 661992K [0x0000000700000000, 0x0000000800000000)
  region size 2048K, 158 young (323584K), 9 survivors (18432K)
 Metaspace       used 282903K, committed 285120K, reserved 1310720K
  class space    used 35355K, committed 36480K, reserved 1048576K
}
Event: 10696.451 GC heap after
{Heap after GC invocations=210 (full 2):
 garbage-first heap   total 839680K, used 385445K [0x0000000700000000, 0x0000000800000000)
  region size 2048K, 20 young (40960K), 20 survivors (40960K)
 Metaspace       used 282903K, committed 285120K, reserved 1310720K
  class space    used 35355K, committed 36480K, reserved 1048576K
}
Event: 10727.853 GC heap before
{Heap before GC invocations=210 (full 2):
 garbage-first heap   total 839680K, used 680357K [0x0000000700000000, 0x0000000800000000)
  region size 2048K, 157 young (321536K), 20 survivors (40960K)
 Metaspace       used 288321K, committed 290752K, reserved 1310720K
  class space    used 35951K, committed 37184K, reserved 1048576K
}
Event: 10727.877 GC heap after
{Heap after GC invocations=211 (full 2):
 garbage-first heap   total 839680K, used 405465K [0x0000000700000000, 0x0000000800000000)
  region size 2048K, 9 young (18432K), 9 survivors (18432K)
 Metaspace       used 288321K, committed 290752K, reserved 1310720K
  class space    used 35951K, committed 37184K, reserved 1048576K
}

